  AmericanCallOption.cpp
  AmericanOption.cpp
  AmericanPutOption.cpp
  AsianCallOption.cpp
  AsianOption.cpp
  AsianPutOption.cpp
  BlackScholesMCPricer.cpp
  BlackScholesPricer.cpp
  CRRPricer.cpp
C:\Users\nthom\OneDrive\Documents\ESILV\C++\Projet\BinaryTree.cpp(8,27): warning C4334: '<<' : résultat du décalage 32 bits converti implicitement en 64 bits (le décalage 64 bits est-il intentionnel ?)
C:\Users\nthom\OneDrive\Documents\ESILV\C++\Projet\BinaryTree.cpp(3,41): message : pendant la compilation de la fonction membre classe modèle 'void BinaryTree<double>::setDepth(int)'
C:\Users\nthom\OneDrive\Documents\ESILV\C++\Projet\CRRPricer.cpp(14,18): message : voir la première référence à « BinaryTree<double>::setDepth » dans « CRRPricer::CRRPricer »
C:\Users\nthom\OneDrive\Documents\ESILV\C++\Projet\CRRPricer.h(12,24): message : voir la référence à l'instanciation classe modèle 'BinaryTree<double>' en cours de compilation
  CallOption.cpp
  DigitalCallOption.cpp
  DigitalOption.cpp
  DigitalPutOption.cpp
  Option.cpp
  PutOption.cpp
  VanillaOption.cpp
  main.cpp
  Génération de code en cours...
C:\Users\nthom\OneDrive\Documents\ESILV\C++\Projet\BlackScholesPricer.cpp(38): warning C4715: 'BlackScholesPricer::operator()' : les chemins de contrôle ne retournent pas tous une valeur
C:\Users\nthom\OneDrive\Documents\ESILV\C++\Projet\BlackScholesPricer.cpp(67): warning C4715: 'BlackScholesPricer::delta' : les chemins de contrôle ne retournent pas tous une valeur
  Projet.vcxproj -> C:\Users\nthom\OneDrive\Documents\ESILV\C++\Projet\x64\Debug\Projet.exe
