  BlackScholesPricer.cpp
C:\Users\Maximilien\source\repos\crr\crr\BlackScholesPricer.cpp(11,27): error C2039: 'GetStrike' n'est pas membre de 'Option'
C:\Users\Maximilien\source\repos\crr\crr\Option.h(3,7): message : voir la déclaration de 'Option'
C:\Users\Maximilien\source\repos\crr\crr\BlackScholesPricer.cpp(19,9): error C2065: 'option' : identificateur non déclaré
C:\Users\Maximilien\source\repos\crr\crr\BlackScholesPricer.cpp(19,38): error C2653: 'OptionNature' : n'est pas un nom de classe ni d'espace de noms
C:\Users\Maximilien\source\repos\crr\crr\BlackScholesPricer.cpp(19,52): error C2065: 'Vanilla' : identificateur non déclaré
C:\Users\Maximilien\source\repos\crr\crr\BlackScholesPricer.cpp(20,22): error C2039: 'GetOptionType' n'est pas membre de 'Option'
C:\Users\Maximilien\source\repos\crr\crr\Option.h(3,7): message : voir la déclaration de 'Option'
C:\Users\Maximilien\source\repos\crr\crr\BlackScholesPricer.cpp(28,14): error C2065: 'option' : identificateur non déclaré
C:\Users\Maximilien\source\repos\crr\crr\BlackScholesPricer.cpp(28,43): error C2653: 'OptionNature' : n'est pas un nom de classe ni d'espace de noms
C:\Users\Maximilien\source\repos\crr\crr\BlackScholesPricer.cpp(28,57): error C2065: 'Digital' : identificateur non déclaré
C:\Users\Maximilien\source\repos\crr\crr\BlackScholesPricer.cpp(29,22): error C2039: 'GetOptionType' n'est pas membre de 'Option'
C:\Users\Maximilien\source\repos\crr\crr\Option.h(3,7): message : voir la déclaration de 'Option'
C:\Users\Maximilien\source\repos\crr\crr\BlackScholesPricer.cpp(41,25): error C2039: 'GetStrike' n'est pas membre de 'Option'
C:\Users\Maximilien\source\repos\crr\crr\Option.h(3,7): message : voir la déclaration de 'Option'
C:\Users\Maximilien\source\repos\crr\crr\BlackScholesPricer.cpp(48,9): error C2065: 'option' : identificateur non déclaré
C:\Users\Maximilien\source\repos\crr\crr\BlackScholesPricer.cpp(48,38): error C2653: 'OptionNature' : n'est pas un nom de classe ni d'espace de noms
C:\Users\Maximilien\source\repos\crr\crr\BlackScholesPricer.cpp(48,52): error C2065: 'Vanilla' : identificateur non déclaré
C:\Users\Maximilien\source\repos\crr\crr\BlackScholesPricer.cpp(49,22): error C2039: 'GetOptionType' n'est pas membre de 'Option'
C:\Users\Maximilien\source\repos\crr\crr\Option.h(3,7): message : voir la déclaration de 'Option'
C:\Users\Maximilien\source\repos\crr\crr\BlackScholesPricer.cpp(57,14): error C2065: 'option' : identificateur non déclaré
C:\Users\Maximilien\source\repos\crr\crr\BlackScholesPricer.cpp(57,43): error C2653: 'OptionNature' : n'est pas un nom de classe ni d'espace de noms
C:\Users\Maximilien\source\repos\crr\crr\BlackScholesPricer.cpp(57,57): error C2065: 'Digital' : identificateur non déclaré
C:\Users\Maximilien\source\repos\crr\crr\BlackScholesPricer.cpp(58,22): error C2039: 'GetOptionType' n'est pas membre de 'Option'
C:\Users\Maximilien\source\repos\crr\crr\Option.h(3,7): message : voir la déclaration de 'Option'
C:\Users\Maximilien\source\repos\crr\crr\BlackScholesPricer.cpp(62,44): error C2065: 'd2' : identificateur non déclaré
  main.cpp
  Génération de code en cours...
